<?xml version="1.0" encoding="UTF-8"?>
<!-- Generated by org.testng.reporters.JUnitReportReporter -->
<testsuite hostname="DESKTOP-FK2NSL2" failures="0" tests="1" name="TestNGPack.Sumo" time="0.002" errors="0" timestamp="2022-06-04T08:46:40 IST" skipped="0">
  <testcase classname="TestNGPack.Sumo" name="b" time="0.002"/>
  <system-out>
    <![CDATA[Sumo class method]]>
  </system-out>
</testsuite> <!-- TestNGPack.Sumo -->
