<?xml version="1.0" encoding="UTF-8"?>
<!-- Generated by org.testng.reporters.JUnitReportReporter -->
<testsuite hostname="DESKTOP-FK2NSL2" failures="0" tests="1" name="TestNGPack.Demo" time="0.003" errors="0" timestamp="2022-06-04T08:46:40 IST" skipped="0">
  <testcase classname="TestNGPack.Demo" name="a" time="0.003"/>
  <system-out>
    <![CDATA[Demo class method]]>
  </system-out>
</testsuite> <!-- TestNGPack.Demo -->
