<?xml version="1.0" encoding="UTF-8"?>
<!-- Generated by org.testng.reporters.JUnitReportReporter -->
<testsuite hostname="DESKTOP-FK2NSL2" failures="0" tests="1" name="TestNGPack.Remo" time="0.011" errors="0" timestamp="2022-06-04T08:46:40 IST" skipped="0">
  <testcase classname="TestNGPack.Remo" name="f" time="0.011"/>
  <system-out>
    <![CDATA[Remo class method ]]>
  </system-out>
</testsuite> <!-- TestNGPack.Remo -->
